{"C:\\Users\\Agustin\\Documents\\repos\\mach-interview-api\\typescript-jwt-restapi\\src\\app.ts": {"path":"C:\\Users\\Agustin\\Documents\\repos\\mach-interview-api\\typescript-jwt-restapi\\src\\app.ts","statementMap":{"0":{"start":{"line":1,"column":0},"end":{"line":1,"column":47}},"1":{"start":{"line":2,"column":0},"end":{"line":2,"column":28}},"2":{"start":{"line":3,"column":0},"end":{"line":3,"column":24}},"3":{"start":{"line":4,"column":0},"end":{"line":4,"column":42}},"4":{"start":{"line":5,"column":0},"end":{"line":5,"column":45}},"5":{"start":{"line":6,"column":0},"end":{"line":6,"column":45}},"6":{"start":{"line":7,"column":0},"end":{"line":7,"column":43}},"7":{"start":{"line":8,"column":0},"end":{"line":8,"column":41}},"8":{"start":{"line":9,"column":0},"end":{"line":9,"column":43}},"9":{"start":{"line":12,"column":0},"end":{"line":12,"column":28}},"10":{"start":{"line":13,"column":0},"end":{"line":13,"column":16}},"11":{"start":{"line":14,"column":0},"end":{"line":14,"column":20}},"12":{"start":{"line":17,"column":11},"end":{"line":17,"column":15}},"13":{"start":{"line":20,"column":13},"end":{"line":39,"column":null}},"14":{"start":{"line":21,"column":29},"end":{"line":21,"column":38}},"15":{"start":{"line":22,"column":4},"end":{"line":22,"column":20}},"16":{"start":{"line":24,"column":4},"end":{"line":24,"column":46}},"17":{"start":{"line":25,"column":4},"end":{"line":25,"column":38}},"18":{"start":{"line":27,"column":4},"end":{"line":27,"column":27}},"19":{"start":{"line":28,"column":4},"end":{"line":28,"column":28}},"20":{"start":{"line":30,"column":18},"end":{"line":30,"column":39}},"21":{"start":{"line":33,"column":4},"end":{"line":33,"column":27}},"22":{"start":{"line":34,"column":4},"end":{"line":34,"column":27}},"23":{"start":{"line":35,"column":4},"end":{"line":35,"column":41}},"24":{"start":{"line":36,"column":4},"end":{"line":36,"column":58}},"25":{"start":{"line":38,"column":4},"end":{"line":38,"column":null}},"26":{"start":{"line":41,"column":13},"end":{"line":50,"column":null}},"27":{"start":{"line":42,"column":16},"end":{"line":42,"column":21}},"28":{"start":{"line":43,"column":4},"end":{"line":49,"column":null}},"29":{"start":{"line":44,"column":8},"end":{"line":46,"column":null}},"30":{"start":{"line":45,"column":12},"end":{"line":45,"column":null}},"31":{"start":{"line":48,"column":8},"end":{"line":48,"column":null}},"32":{"start":{"line":52,"column":0},"end":{"line":52,"column":null}}},"fnMap":{"0":{"name":"(anonymous_1)","decl":{"start":{"line":20,"column":19},"end":{"line":20,"column":22}},"loc":{"start":{"line":20,"column":24},"end":{"line":39,"column":1}}},"1":{"name":"(anonymous_2)","decl":{"start":{"line":41,"column":21},"end":{"line":41,"column":24}},"loc":{"start":{"line":41,"column":26},"end":{"line":50,"column":1}}},"2":{"name":"(anonymous_3)","decl":{"start":{"line":44,"column":25},"end":{"line":44,"column":28}},"loc":{"start":{"line":44,"column":30},"end":{"line":46,"column":9}}}},"branchMap":{"0":{"loc":{"start":{"line":24,"column":20},"end":{"line":24,"column":44}},"type":"binary-expr","locations":[{"start":{"line":24,"column":20},"end":{"line":24,"column":36}},{"start":{"line":24,"column":40},"end":{"line":24,"column":44}}]}},"s":{"0":1,"1":1,"2":1,"3":1,"4":1,"5":1,"6":1,"7":1,"8":1,"9":1,"10":1,"11":1,"12":1,"13":1,"14":2,"15":2,"16":2,"17":2,"18":2,"19":2,"20":2,"21":2,"22":2,"23":2,"24":2,"25":2,"26":1,"27":1,"28":1,"29":1,"30":1,"31":0,"32":1},"f":{"0":2,"1":1,"2":1},"b":{"0":[2,2]}}
,"C:\\Users\\Agustin\\Documents\\repos\\mach-interview-api\\typescript-jwt-restapi\\src\\database.ts": {"path":"C:\\Users\\Agustin\\Documents\\repos\\mach-interview-api\\typescript-jwt-restapi\\src\\database.ts","statementMap":{"0":{"start":{"line":1,"column":0},"end":{"line":1,"column":31}},"1":{"start":{"line":3,"column":0},"end":{"line":9,"column":36}},"2":{"start":{"line":8,"column":16},"end":{"line":8,"column":52}},"3":{"start":{"line":9,"column":18},"end":{"line":9,"column":34}}},"fnMap":{"0":{"name":"(anonymous_1)","decl":{"start":{"line":8,"column":10},"end":{"line":8,"column":12}},"loc":{"start":{"line":8,"column":16},"end":{"line":8,"column":52}}},"1":{"name":"(anonymous_2)","decl":{"start":{"line":9,"column":11},"end":{"line":9,"column":14}},"loc":{"start":{"line":9,"column":18},"end":{"line":9,"column":34}}}},"branchMap":{"0":{"loc":{"start":{"line":3,"column":17},"end":{"line":3,"column":70}},"type":"binary-expr","locations":[{"start":{"line":3,"column":17},"end":{"line":3,"column":40}},{"start":{"line":3,"column":44},"end":{"line":3,"column":70}}]}},"s":{"0":1,"1":1,"2":1,"3":0},"f":{"0":1,"1":0},"b":{"0":[1,0]}}
,"C:\\Users\\Agustin\\Documents\\repos\\mach-interview-api\\typescript-jwt-restapi\\src\\swaggerOptions.ts": {"path":"C:\\Users\\Agustin\\Documents\\repos\\mach-interview-api\\typescript-jwt-restapi\\src\\swaggerOptions.ts","statementMap":{"0":{"start":{"line":1,"column":13},"end":{"line":16,"column":4}}},"fnMap":{},"branchMap":{},"s":{"0":1},"f":{},"b":{}}
,"C:\\Users\\Agustin\\Documents\\repos\\mach-interview-api\\typescript-jwt-restapi\\src\\controllers\\auth.ts": {"path":"C:\\Users\\Agustin\\Documents\\repos\\mach-interview-api\\typescript-jwt-restapi\\src\\controllers\\auth.ts","statementMap":{"0":{"start":{"line":3,"column":0},"end":{"line":3,"column":44}},"1":{"start":{"line":4,"column":0},"end":{"line":4,"column":64}},"2":{"start":{"line":5,"column":0},"end":{"line":5,"column":31}},"3":{"start":{"line":7,"column":13},"end":{"line":34,"column":2}},"4":{"start":{"line":7,"column":60},"end":{"line":34,"column":2}},"5":{"start":{"line":9,"column":22},"end":{"line":9,"column":48}},"6":{"start":{"line":10,"column":4},"end":{"line":10,"column":58}},"7":{"start":{"line":10,"column":15},"end":{"line":10,"column":58}},"8":{"start":{"line":13,"column":24},"end":{"line":13,"column":69}},"9":{"start":{"line":14,"column":4},"end":{"line":14,"column":73}},"10":{"start":{"line":14,"column":21},"end":{"line":14,"column":73}},"11":{"start":{"line":17,"column":4},"end":{"line":33,"column":null}},"12":{"start":{"line":18,"column":31},"end":{"line":22,"column":10}},"13":{"start":{"line":23,"column":8},"end":{"line":23,"column":74}},"14":{"start":{"line":24,"column":26},"end":{"line":24,"column":46}},"15":{"start":{"line":26,"column":30},"end":{"line":28,"column":10}},"16":{"start":{"line":30,"column":8},"end":{"line":30,"column":56}},"17":{"start":{"line":32,"column":8},"end":{"line":32,"column":32}},"18":{"start":{"line":36,"column":13},"end":{"line":47,"column":2}},"19":{"start":{"line":36,"column":60},"end":{"line":47,"column":2}},"20":{"start":{"line":37,"column":22},"end":{"line":37,"column":48}},"21":{"start":{"line":38,"column":4},"end":{"line":38,"column":58}},"22":{"start":{"line":38,"column":15},"end":{"line":38,"column":58}},"23":{"start":{"line":39,"column":17},"end":{"line":39,"column":62}},"24":{"start":{"line":40,"column":4},"end":{"line":40,"column":73}},"25":{"start":{"line":40,"column":15},"end":{"line":40,"column":73}},"26":{"start":{"line":41,"column":28},"end":{"line":41,"column":74}},"27":{"start":{"line":42,"column":4},"end":{"line":42,"column":74}},"28":{"start":{"line":42,"column":26},"end":{"line":42,"column":74}},"29":{"start":{"line":45,"column":26},"end":{"line":45,"column":88}},"30":{"start":{"line":46,"column":4},"end":{"line":46,"column":48}},"31":{"start":{"line":49,"column":13},"end":{"line":55,"column":2}},"32":{"start":{"line":49,"column":61},"end":{"line":55,"column":2}},"33":{"start":{"line":50,"column":17},"end":{"line":50,"column":65}},"34":{"start":{"line":51,"column":4},"end":{"line":53,"column":null}},"35":{"start":{"line":52,"column":8},"end":{"line":52,"column":53}},"36":{"start":{"line":54,"column":4},"end":{"line":54,"column":19}}},"fnMap":{"0":{"name":"(anonymous_8)","decl":{"start":{"line":7,"column":22},"end":{"line":7,"column":29}},"loc":{"start":{"line":7,"column":60},"end":{"line":34,"column":2}}},"1":{"name":"(anonymous_9)","decl":{"start":{"line":7,"column":60},"end":{"line":7,"column":null}},"loc":{"start":{"line":7,"column":60},"end":{"line":34,"column":1}}},"2":{"name":"(anonymous_10)","decl":{"start":{"line":36,"column":22},"end":{"line":36,"column":29}},"loc":{"start":{"line":36,"column":60},"end":{"line":47,"column":2}}},"3":{"name":"(anonymous_11)","decl":{"start":{"line":36,"column":60},"end":{"line":36,"column":null}},"loc":{"start":{"line":36,"column":60},"end":{"line":47,"column":1}}},"4":{"name":"(anonymous_12)","decl":{"start":{"line":49,"column":23},"end":{"line":49,"column":30}},"loc":{"start":{"line":49,"column":61},"end":{"line":55,"column":2}}},"5":{"name":"(anonymous_13)","decl":{"start":{"line":49,"column":61},"end":{"line":49,"column":null}},"loc":{"start":{"line":49,"column":61},"end":{"line":55,"column":1}}}},"branchMap":{"0":{"loc":{"start":{"line":10,"column":4},"end":{"line":10,"column":58}},"type":"if","locations":[{"start":{"line":10,"column":4},"end":{"line":10,"column":58}}]},"1":{"loc":{"start":{"line":14,"column":4},"end":{"line":14,"column":73}},"type":"if","locations":[{"start":{"line":14,"column":4},"end":{"line":14,"column":73}}]},"2":{"loc":{"start":{"line":26,"column":63},"end":{"line":26,"column":96}},"type":"binary-expr","locations":[{"start":{"line":26,"column":63},"end":{"line":26,"column":90}},{"start":{"line":26,"column":94},"end":{"line":26,"column":96}}]},"3":{"loc":{"start":{"line":38,"column":4},"end":{"line":38,"column":58}},"type":"if","locations":[{"start":{"line":38,"column":4},"end":{"line":38,"column":58}}]},"4":{"loc":{"start":{"line":40,"column":4},"end":{"line":40,"column":73}},"type":"if","locations":[{"start":{"line":40,"column":4},"end":{"line":40,"column":73}}]},"5":{"loc":{"start":{"line":42,"column":4},"end":{"line":42,"column":74}},"type":"if","locations":[{"start":{"line":42,"column":4},"end":{"line":42,"column":74}}]},"6":{"loc":{"start":{"line":45,"column":54},"end":{"line":45,"column":87}},"type":"binary-expr","locations":[{"start":{"line":45,"column":54},"end":{"line":45,"column":81}},{"start":{"line":45,"column":85},"end":{"line":45,"column":87}}]},"7":{"loc":{"start":{"line":51,"column":4},"end":{"line":53,"column":null}},"type":"if","locations":[{"start":{"line":51,"column":4},"end":{"line":53,"column":null}}]}},"s":{"0":1,"1":1,"2":1,"3":1,"4":0,"5":0,"6":0,"7":0,"8":0,"9":0,"10":0,"11":0,"12":0,"13":0,"14":0,"15":0,"16":0,"17":0,"18":1,"19":0,"20":0,"21":0,"22":0,"23":0,"24":0,"25":0,"26":0,"27":0,"28":0,"29":0,"30":0,"31":1,"32":0,"33":0,"34":0,"35":0,"36":0},"f":{"0":0,"1":0,"2":0,"3":0,"4":0,"5":0},"b":{"0":[0],"1":[0],"2":[0,0],"3":[0],"4":[0],"5":[0],"6":[0,0],"7":[0]}}
,"C:\\Users\\Agustin\\Documents\\repos\\mach-interview-api\\typescript-jwt-restapi\\src\\controllers\\questions.ts": {"path":"C:\\Users\\Agustin\\Documents\\repos\\mach-interview-api\\typescript-jwt-restapi\\src\\controllers\\questions.ts","statementMap":{"0":{"start":{"line":3,"column":0},"end":{"line":3,"column":56}},"1":{"start":{"line":7,"column":13},"end":{"line":10,"column":2}},"2":{"start":{"line":7,"column":66},"end":{"line":10,"column":2}},"3":{"start":{"line":8,"column":22},"end":{"line":8,"column":43}},"4":{"start":{"line":9,"column":4},"end":{"line":9,"column":null}},"5":{"start":{"line":12,"column":13},"end":{"line":21,"column":2}},"6":{"start":{"line":12,"column":65},"end":{"line":21,"column":2}},"7":{"start":{"line":16,"column":21},"end":{"line":18,"column":6}},"8":{"start":{"line":19,"column":4},"end":{"line":19,"column":26}},"9":{"start":{"line":20,"column":4},"end":{"line":20,"column":35}}},"fnMap":{"0":{"name":"(anonymous_8)","decl":{"start":{"line":7,"column":28},"end":{"line":7,"column":35}},"loc":{"start":{"line":7,"column":66},"end":{"line":10,"column":2}}},"1":{"name":"(anonymous_9)","decl":{"start":{"line":7,"column":66},"end":{"line":7,"column":null}},"loc":{"start":{"line":7,"column":66},"end":{"line":10,"column":1}}},"2":{"name":"(anonymous_10)","decl":{"start":{"line":12,"column":27},"end":{"line":12,"column":34}},"loc":{"start":{"line":12,"column":65},"end":{"line":21,"column":2}}},"3":{"name":"(anonymous_11)","decl":{"start":{"line":12,"column":65},"end":{"line":12,"column":null}},"loc":{"start":{"line":12,"column":65},"end":{"line":21,"column":1}}}},"branchMap":{},"s":{"0":1,"1":1,"2":1,"3":1,"4":1,"5":1,"6":1,"7":1,"8":1,"9":1},"f":{"0":1,"1":1,"2":1,"3":1},"b":{}}
,"C:\\Users\\Agustin\\Documents\\repos\\mach-interview-api\\typescript-jwt-restapi\\src\\controllers\\responses.ts": {"path":"C:\\Users\\Agustin\\Documents\\repos\\mach-interview-api\\typescript-jwt-restapi\\src\\controllers\\responses.ts","statementMap":{"0":{"start":{"line":3,"column":0},"end":{"line":3,"column":69}},"1":{"start":{"line":6,"column":13},"end":{"line":9,"column":2}},"2":{"start":{"line":6,"column":66},"end":{"line":9,"column":2}},"3":{"start":{"line":7,"column":22},"end":{"line":7,"column":47}},"4":{"start":{"line":8,"column":4},"end":{"line":8,"column":null}},"5":{"start":{"line":11,"column":13},"end":{"line":15,"column":2}},"6":{"start":{"line":11,"column":65},"end":{"line":15,"column":2}},"7":{"start":{"line":12,"column":21},"end":{"line":12,"column":66}},"8":{"start":{"line":13,"column":4},"end":{"line":13,"column":26}},"9":{"start":{"line":14,"column":4},"end":{"line":14,"column":23}}},"fnMap":{"0":{"name":"(anonymous_8)","decl":{"start":{"line":6,"column":28},"end":{"line":6,"column":35}},"loc":{"start":{"line":6,"column":66},"end":{"line":9,"column":2}}},"1":{"name":"(anonymous_9)","decl":{"start":{"line":6,"column":66},"end":{"line":6,"column":null}},"loc":{"start":{"line":6,"column":66},"end":{"line":9,"column":1}}},"2":{"name":"(anonymous_10)","decl":{"start":{"line":11,"column":27},"end":{"line":11,"column":34}},"loc":{"start":{"line":11,"column":65},"end":{"line":15,"column":2}}},"3":{"name":"(anonymous_11)","decl":{"start":{"line":11,"column":65},"end":{"line":11,"column":null}},"loc":{"start":{"line":11,"column":65},"end":{"line":15,"column":1}}}},"branchMap":{},"s":{"0":1,"1":1,"2":0,"3":0,"4":0,"5":1,"6":0,"7":0,"8":0,"9":0},"f":{"0":0,"1":0,"2":0,"3":0},"b":{}}
,"C:\\Users\\Agustin\\Documents\\repos\\mach-interview-api\\typescript-jwt-restapi\\src\\libs\\joi.ts": {"path":"C:\\Users\\Agustin\\Documents\\repos\\mach-interview-api\\typescript-jwt-restapi\\src\\libs\\joi.ts","statementMap":{"0":{"start":{"line":1,"column":0},"end":{"line":1,"column":28}},"1":{"start":{"line":4,"column":13},"end":{"line":20,"column":2}},"2":{"start":{"line":5,"column":23},"end":{"line":18,"column":6}},"3":{"start":{"line":19,"column":4},"end":{"line":19,"column":37}},"4":{"start":{"line":22,"column":13},"end":{"line":33,"column":2}},"5":{"start":{"line":23,"column":23},"end":{"line":31,"column":6}},"6":{"start":{"line":32,"column":4},"end":{"line":32,"column":37}}},"fnMap":{"0":{"name":"(anonymous_1)","decl":{"start":{"line":4,"column":32},"end":{"line":4,"column":33}},"loc":{"start":{"line":4,"column":48},"end":{"line":20,"column":1}}},"1":{"name":"(anonymous_2)","decl":{"start":{"line":22,"column":32},"end":{"line":22,"column":33}},"loc":{"start":{"line":22,"column":48},"end":{"line":33,"column":1}}}},"branchMap":{},"s":{"0":1,"1":1,"2":0,"3":0,"4":1,"5":0,"6":0},"f":{"0":0,"1":0},"b":{}}
,"C:\\Users\\Agustin\\Documents\\repos\\mach-interview-api\\typescript-jwt-restapi\\src\\libs\\verifyToken.ts": {"path":"C:\\Users\\Agustin\\Documents\\repos\\mach-interview-api\\typescript-jwt-restapi\\src\\libs\\verifyToken.ts","statementMap":{"0":{"start":{"line":2,"column":0},"end":{"line":2,"column":30}},"1":{"start":{"line":9,"column":13},"end":{"line":19,"column":null}},"2":{"start":{"line":10,"column":4},"end":{"line":18,"column":null}},"3":{"start":{"line":11,"column":22},"end":{"line":11,"column":41}},"4":{"start":{"line":12,"column":8},"end":{"line":12,"column":65}},"5":{"start":{"line":12,"column":20},"end":{"line":12,"column":65}},"6":{"start":{"line":13,"column":24},"end":{"line":13,"column":88}},"7":{"start":{"line":14,"column":8},"end":{"line":14,"column":33}},"8":{"start":{"line":15,"column":8},"end":{"line":15,"column":15}},"9":{"start":{"line":17,"column":8},"end":{"line":17,"column":46}}},"fnMap":{"0":{"name":"(anonymous_1)","decl":{"start":{"line":9,"column":31},"end":{"line":9,"column":32}},"loc":{"start":{"line":9,"column":83},"end":{"line":19,"column":1}}}},"branchMap":{"0":{"loc":{"start":{"line":12,"column":8},"end":{"line":12,"column":65}},"type":"if","locations":[{"start":{"line":12,"column":8},"end":{"line":12,"column":65}}]},"1":{"loc":{"start":{"line":13,"column":42},"end":{"line":13,"column":75}},"type":"binary-expr","locations":[{"start":{"line":13,"column":42},"end":{"line":13,"column":69}},{"start":{"line":13,"column":73},"end":{"line":13,"column":75}}]}},"s":{"0":1,"1":1,"2":0,"3":0,"4":0,"5":0,"6":0,"7":0,"8":0,"9":0},"f":{"0":0},"b":{"0":[0],"1":[0,0]}}
,"C:\\Users\\Agustin\\Documents\\repos\\mach-interview-api\\typescript-jwt-restapi\\src\\models\\Question.ts": {"path":"C:\\Users\\Agustin\\Documents\\repos\\mach-interview-api\\typescript-jwt-restapi\\src\\models\\Question.ts","statementMap":{"0":{"start":{"line":1,"column":0},"end":{"line":1,"column":51}},"1":{"start":{"line":6,"column":23},"end":{"line":15,"column":2}},"2":{"start":{"line":16,"column":0},"end":{"line":16,"column":60}}},"fnMap":{},"branchMap":{},"s":{"0":1,"1":1,"2":1},"f":{},"b":{}}
,"C:\\Users\\Agustin\\Documents\\repos\\mach-interview-api\\typescript-jwt-restapi\\src\\models\\ResponseByAgustin.ts": {"path":"C:\\Users\\Agustin\\Documents\\repos\\mach-interview-api\\typescript-jwt-restapi\\src\\models\\ResponseByAgustin.ts","statementMap":{"0":{"start":{"line":1,"column":0},"end":{"line":1,"column":51}},"1":{"start":{"line":6,"column":23},"end":{"line":15,"column":2}},"2":{"start":{"line":16,"column":0},"end":{"line":16,"column":64}}},"fnMap":{},"branchMap":{},"s":{"0":1,"1":1,"2":1},"f":{},"b":{}}
,"C:\\Users\\Agustin\\Documents\\repos\\mach-interview-api\\typescript-jwt-restapi\\src\\models\\User.ts": {"path":"C:\\Users\\Agustin\\Documents\\repos\\mach-interview-api\\typescript-jwt-restapi\\src\\models\\User.ts","statementMap":{"0":{"start":{"line":1,"column":0},"end":{"line":1,"column":50}},"1":{"start":{"line":2,"column":0},"end":{"line":2,"column":30}},"2":{"start":{"line":12,"column":19},"end":{"line":31,"column":2}},"3":{"start":{"line":33,"column":0},"end":{"line":36,"column":2}},"4":{"start":{"line":33,"column":80},"end":{"line":36,"column":2}},"5":{"start":{"line":34,"column":17},"end":{"line":34,"column":41}},"6":{"start":{"line":35,"column":4},"end":{"line":35,"column":39}},"7":{"start":{"line":38,"column":0},"end":{"line":40,"column":2}},"8":{"start":{"line":39,"column":4},"end":{"line":39,"column":57}},"9":{"start":{"line":42,"column":0},"end":{"line":42,"column":48}}},"fnMap":{"0":{"name":"(anonymous_8)","decl":{"start":{"line":33,"column":36},"end":{"line":33,"column":43}},"loc":{"start":{"line":33,"column":80},"end":{"line":36,"column":2}}},"1":{"name":"(anonymous_9)","decl":{"start":{"line":33,"column":80},"end":{"line":33,"column":null}},"loc":{"start":{"line":33,"column":80},"end":{"line":36,"column":1}}},"2":{"name":"(anonymous_10)","decl":{"start":{"line":38,"column":38},"end":{"line":38,"column":54}},"loc":{"start":{"line":38,"column":70},"end":{"line":40,"column":2}}}},"branchMap":{},"s":{"0":1,"1":1,"2":1,"3":1,"4":0,"5":0,"6":0,"7":1,"8":0,"9":1},"f":{"0":0,"1":0,"2":0},"b":{}}
,"C:\\Users\\Agustin\\Documents\\repos\\mach-interview-api\\typescript-jwt-restapi\\src\\routes\\auth.ts": {"path":"C:\\Users\\Agustin\\Documents\\repos\\mach-interview-api\\typescript-jwt-restapi\\src\\routes\\auth.ts","statementMap":{"0":{"start":{"line":1,"column":0},"end":{"line":1,"column":33}},"1":{"start":{"line":2,"column":15},"end":{"line":2,"column":23}},"2":{"start":{"line":4,"column":0},"end":{"line":4,"column":61}},"3":{"start":{"line":5,"column":0},"end":{"line":5,"column":53}},"4":{"start":{"line":8,"column":0},"end":{"line":8,"column":31}},"5":{"start":{"line":9,"column":0},"end":{"line":9,"column":31}},"6":{"start":{"line":11,"column":0},"end":{"line":11,"column":null}},"7":{"start":{"line":13,"column":0},"end":{"line":13,"column":22}}},"fnMap":{},"branchMap":{},"s":{"0":1,"1":1,"2":1,"3":1,"4":1,"5":1,"6":1,"7":1},"f":{},"b":{}}
,"C:\\Users\\Agustin\\Documents\\repos\\mach-interview-api\\typescript-jwt-restapi\\src\\routes\\questions.ts": {"path":"C:\\Users\\Agustin\\Documents\\repos\\mach-interview-api\\typescript-jwt-restapi\\src\\routes\\questions.ts","statementMap":{"0":{"start":{"line":1,"column":0},"end":{"line":1,"column":33}},"1":{"start":{"line":2,"column":15},"end":{"line":2,"column":23}},"2":{"start":{"line":4,"column":0},"end":{"line":4,"column":67}},"3":{"start":{"line":41,"column":0},"end":{"line":41,"column":null}},"4":{"start":{"line":43,"column":0},"end":{"line":43,"column":47}},"5":{"start":{"line":46,"column":0},"end":{"line":46,"column":null}},"6":{"start":{"line":47,"column":0},"end":{"line":47,"column":null}},"7":{"start":{"line":48,"column":0},"end":{"line":48,"column":22}}},"fnMap":{},"branchMap":{},"s":{"0":1,"1":1,"2":1,"3":1,"4":1,"5":1,"6":1,"7":1},"f":{},"b":{}}
,"C:\\Users\\Agustin\\Documents\\repos\\mach-interview-api\\typescript-jwt-restapi\\src\\routes\\responses.ts": {"path":"C:\\Users\\Agustin\\Documents\\repos\\mach-interview-api\\typescript-jwt-restapi\\src\\routes\\responses.ts","statementMap":{"0":{"start":{"line":1,"column":0},"end":{"line":1,"column":33}},"1":{"start":{"line":2,"column":15},"end":{"line":2,"column":23}},"2":{"start":{"line":4,"column":0},"end":{"line":4,"column":67}},"3":{"start":{"line":7,"column":0},"end":{"line":7,"column":47}},"4":{"start":{"line":9,"column":0},"end":{"line":9,"column":null}},"5":{"start":{"line":11,"column":0},"end":{"line":11,"column":22}}},"fnMap":{},"branchMap":{},"s":{"0":1,"1":1,"2":1,"3":1,"4":1,"5":1},"f":{},"b":{}}
,"C:\\Users\\Agustin\\Documents\\repos\\mach-interview-api\\typescript-jwt-restapi\\tests\\helpers.ts": {"path":"C:\\Users\\Agustin\\Documents\\repos\\mach-interview-api\\typescript-jwt-restapi\\tests\\helpers.ts","statementMap":{"0":{"start":{"line":1,"column":0},"end":{"line":1,"column":45}},"1":{"start":{"line":3,"column":0},"end":{"line":3,"column":48}},"2":{"start":{"line":5,"column":13},"end":{"line":5,"column":null}}},"fnMap":{},"branchMap":{},"s":{"0":1,"1":1,"2":1},"f":{},"b":{}}
}
