TN:
SF:src\app.ts
FN:20,(anonymous_1)
FN:41,(anonymous_2)
FN:44,(anonymous_3)
FNF:3
FNH:3
FNDA:2,(anonymous_1)
FNDA:1,(anonymous_2)
FNDA:1,(anonymous_3)
DA:1,1
DA:2,1
DA:3,1
DA:4,1
DA:5,1
DA:6,1
DA:7,1
DA:8,1
DA:9,1
DA:12,1
DA:13,1
DA:14,1
DA:17,1
DA:20,1
DA:21,2
DA:22,2
DA:24,2
DA:25,2
DA:27,2
DA:28,2
DA:30,2
DA:33,2
DA:34,2
DA:35,2
DA:36,2
DA:38,2
DA:41,1
DA:42,1
DA:43,1
DA:44,1
DA:45,1
DA:48,0
DA:52,1
LF:33
LH:32
BRDA:24,0,0,2
BRDA:24,0,1,2
BRF:2
BRH:2
end_of_record
TN:
SF:src\database.ts
FN:8,(anonymous_1)
FN:9,(anonymous_2)
FNF:2
FNH:1
FNDA:1,(anonymous_1)
FNDA:0,(anonymous_2)
DA:1,1
DA:3,1
DA:8,1
DA:9,0
LF:4
LH:3
BRDA:3,0,0,1
BRDA:3,0,1,0
BRF:2
BRH:1
end_of_record
TN:
SF:src\swaggerOptions.ts
FNF:0
FNH:0
DA:1,1
LF:1
LH:1
BRF:0
BRH:0
end_of_record
TN:
SF:src\controllers\auth.ts
FN:7,(anonymous_8)
FN:7,(anonymous_9)
FN:36,(anonymous_10)
FN:36,(anonymous_11)
FN:49,(anonymous_12)
FN:49,(anonymous_13)
FNF:6
FNH:0
FNDA:0,(anonymous_8)
FNDA:0,(anonymous_9)
FNDA:0,(anonymous_10)
FNDA:0,(anonymous_11)
FNDA:0,(anonymous_12)
FNDA:0,(anonymous_13)
DA:3,1
DA:4,1
DA:5,1
DA:7,1
DA:9,0
DA:10,0
DA:13,0
DA:14,0
DA:17,0
DA:18,0
DA:23,0
DA:24,0
DA:26,0
DA:30,0
DA:32,0
DA:36,1
DA:37,0
DA:38,0
DA:39,0
DA:40,0
DA:41,0
DA:42,0
DA:45,0
DA:46,0
DA:49,1
DA:50,0
DA:51,0
DA:52,0
DA:54,0
LF:29
LH:6
BRDA:10,0,0,0
BRDA:14,1,0,0
BRDA:26,2,0,0
BRDA:26,2,1,0
BRDA:38,3,0,0
BRDA:40,4,0,0
BRDA:42,5,0,0
BRDA:45,6,0,0
BRDA:45,6,1,0
BRDA:51,7,0,0
BRF:10
BRH:0
end_of_record
TN:
SF:src\controllers\questions.ts
FN:7,(anonymous_8)
FN:7,(anonymous_9)
FN:12,(anonymous_10)
FN:12,(anonymous_11)
FNF:4
FNH:4
FNDA:1,(anonymous_8)
FNDA:1,(anonymous_9)
FNDA:1,(anonymous_10)
FNDA:1,(anonymous_11)
DA:3,1
DA:7,1
DA:8,1
DA:9,1
DA:12,1
DA:16,1
DA:19,1
DA:20,1
LF:8
LH:8
BRF:0
BRH:0
end_of_record
TN:
SF:src\controllers\responses.ts
FN:6,(anonymous_8)
FN:6,(anonymous_9)
FN:11,(anonymous_10)
FN:11,(anonymous_11)
FNF:4
FNH:0
FNDA:0,(anonymous_8)
FNDA:0,(anonymous_9)
FNDA:0,(anonymous_10)
FNDA:0,(anonymous_11)
DA:3,1
DA:6,1
DA:7,0
DA:8,0
DA:11,1
DA:12,0
DA:13,0
DA:14,0
LF:8
LH:3
BRF:0
BRH:0
end_of_record
TN:
SF:src\libs\joi.ts
FN:4,(anonymous_1)
FN:22,(anonymous_2)
FNF:2
FNH:0
FNDA:0,(anonymous_1)
FNDA:0,(anonymous_2)
DA:1,1
DA:4,1
DA:5,0
DA:19,0
DA:22,1
DA:23,0
DA:32,0
LF:7
LH:3
BRF:0
BRH:0
end_of_record
TN:
SF:src\libs\verifyToken.ts
FN:9,(anonymous_1)
FNF:1
FNH:0
FNDA:0,(anonymous_1)
DA:2,1
DA:9,1
DA:10,0
DA:11,0
DA:12,0
DA:13,0
DA:14,0
DA:15,0
DA:17,0
LF:9
LH:2
BRDA:12,0,0,0
BRDA:13,1,0,0
BRDA:13,1,1,0
BRF:3
BRH:0
end_of_record
TN:
SF:src\models\Question.ts
FNF:0
FNH:0
DA:1,1
DA:6,1
DA:16,1
LF:3
LH:3
BRF:0
BRH:0
end_of_record
TN:
SF:src\models\ResponseByAgustin.ts
FNF:0
FNH:0
DA:1,1
DA:6,1
DA:16,1
LF:3
LH:3
BRF:0
BRH:0
end_of_record
TN:
SF:src\models\User.ts
FN:33,(anonymous_8)
FN:33,(anonymous_9)
FN:38,(anonymous_10)
FNF:3
FNH:0
FNDA:0,(anonymous_8)
FNDA:0,(anonymous_9)
FNDA:0,(anonymous_10)
DA:1,1
DA:2,1
DA:12,1
DA:33,1
DA:34,0
DA:35,0
DA:38,1
DA:39,0
DA:42,1
LF:9
LH:6
BRF:0
BRH:0
end_of_record
TN:
SF:src\routes\auth.ts
FNF:0
FNH:0
DA:1,1
DA:2,1
DA:4,1
DA:5,1
DA:8,1
DA:9,1
DA:11,1
DA:13,1
LF:8
LH:8
BRF:0
BRH:0
end_of_record
TN:
SF:src\routes\questions.ts
FNF:0
FNH:0
DA:1,1
DA:2,1
DA:4,1
DA:41,1
DA:43,1
DA:46,1
DA:47,1
DA:48,1
LF:8
LH:8
BRF:0
BRH:0
end_of_record
TN:
SF:src\routes\responses.ts
FNF:0
FNH:0
DA:1,1
DA:2,1
DA:4,1
DA:7,1
DA:9,1
DA:11,1
LF:6
LH:6
BRF:0
BRH:0
end_of_record
TN:
SF:tests\helpers.ts
FNF:0
FNH:0
DA:1,1
DA:3,1
DA:5,1
LF:3
LH:3
BRF:0
BRH:0
end_of_record
